<?xml version="1.0" encoding="UTF-8"?>
<!-- Generated by org.testng.reporters.JUnitXMLReporter -->
<testsuite hostname="DESKTOP-46AHGLC" ignored="0" name="Customer Tests" tests="3" failures="0" timestamp="2023-02-27T11:50:49 IST" time="90.676" errors="0">
  <testcase name="verifyLoginToast" time="9.599" classname="web.tests.customer.BookOrder"/>
  <testcase name="verifyProfileLinks" time="8.826" classname="web.tests.customer.BookOrder"/>
  <testcase name="createOrder" time="61.124" classname="web.tests.customer.BookOrder"/>
</testsuite> <!-- Customer Tests -->
