<?xml version="1.0" encoding="UTF-8"?>
<!-- Generated by org.testng.reporters.JUnitXMLReporter -->
<testsuite ignored="0" hostname="INNODS0020" failures="0" tests="1" name="API Tests" time="3.297" errors="0" timestamp="2024-03-26T16:44:53 IST">
  <testcase classname="web.tests.admin.ManageActualSize" name="@BeforeMethod setup" time="2.674">
    <failure type="java.lang.AssertionError" message="java.lang.NumberFormatException: For input string: &amp;quot;public&amp;quot;">
      <![CDATA[java.lang.AssertionError: java.lang.NumberFormatException: For input string: "public"
at web.init.DriverFactory.initialize(DriverFactory.java:29)
at web.tests.admin.ManageActualSize.setup(ManageActualSize.java:38)
at java.base/java.util.ArrayList.forEach(ArrayList.java:1511)
... Removed 32 stack frames]]>
    </failure>
  </testcase> <!-- @BeforeMethod setup -->
  <testcase classname="web.tests.admin.ManageActualSize" name="addManageActualSize" time="0.0">
    <skipped/>
  </testcase> <!-- addManageActualSize -->
</testsuite> <!-- API Tests -->
